# Unitex/GramLab Core Integration Tests / Commmand Line Summary / Sun Apr  3 18:45:41 CEST 2016

# CasSys/Cassys_1_cleanup.ulp
Cassys -a /cassysTestOk/Alphabet.txt --text=/cassysTestOk/80jours.snt -s /logsAna/cassys/cassysTestOk/graph/test_1_m.fst2 -m M -s /logsAna/cassys/cassysTestOk/graph/test_2_m.fst2 -m M -s /logsAna/cassys/cassysTestOk/graph/test_3_m.fst2 -m M -s /logsAna/cassys/cassysTestOk/graph/test_4_r.fst2 -m R --negation_operator=tilde --no_dump_token_graph --cleanup_working_files

# CasSys/Cassys_1.ulp
Cassys -a /cassysTestOk/Alphabet.txt --text=/cassysTestOk/80jours.snt -s /logsAna/cassys/cassysTestOk/graph/test_1_m.fst2 -m M -s /logsAna/cassys/cassysTestOk/graph/test_2_m.fst2 -m M -s /logsAna/cassys/cassysTestOk/graph/test_3_m.fst2 -m M -s /logsAna/cassys/cassysTestOk/graph/test_4_r.fst2 -m R --negation_operator=tilde

# CasSys/Cassys_csc_cleanup.ulp
Cassys -a /Alphabet.txt -t /Corpus/80jours/80jours_csc.snt -l /tutorial/Tutoriel_CasSys_Synthese.csc -w /miniDela/ajouts80jours.bin -qutf8-no-bom -r /French/Graphs/Tutoriel_CasSys_synthese/ --realign_token_graph_pointer --no_dump_token_graph --cleanup_working_files

# CasSys/Cassys_csc.ulp
Cassys -a /Alphabet.txt -t /Corpus/80jours/80jours_csc.snt -l /tutorial/Tutoriel_CasSys_Synthese.csc -w /miniDela/ajouts80jours.bin -qutf8-no-bom -r /French/Graphs/Tutoriel_CasSys_synthese/ --realign_token_graph_pointer --translate_path_separator_to_native

# CasSys/cassys_generic_graph.ulp
Cassys --cleanup_working_files --in_place --translate_path_separator_to_native -a/Unitex/French/Alphabet.txt -t/Unitex/French/Corpus/A.snt -l/Unitex/French/Cassys/CasEN_Quaero_analyse.csc -v -r/Unitex/French/Graphs/ --input_offsets=/Unitex/French/Corpus/A_snt/normalize.out.offsets

# CasSys/CompileGraphMiniTestCassys.ulp
Grf2Fst2 .\miniComplexe.grf

# CasSys/miniTestCassys.ulp
Cassys -a /Alphabet.txt -t /Corpus/mini80jours/mini80jours_csc.snt -l /CasSys/mini_synthese.csc -qutf8-no-bom -r /Graphs/ --realign_token_graph_pointer

# CheckDic/CheckDic_1.ulp
CheckDic --skip_path -s /motsGramf-.dic

# Compress/Compress_1.ulp
Compress /motsGramf-.dic

# Compress/Compress_bin2.ulp
Compress --bin2 /motsGramf-.dic

# Compress/Compress_V1.ulp
Compress --v1 \motsGramf-.dic

# Compress/Compress_V2.ulp
Compress --v2 /motsGramf-.dic

# Concord/Concord_modify.ulp
Concord /home/paumier/unitex/French/Corpus/test_snt/concord.ind -m/home/paumier/unitex/French/Corpus/test2.txt

# Concord/concord_offset_uima_xml.ulp
Concord "/My Unitex/French/Corpus/80jours_snt/concord.ind" "--uima=/My Unitex/French/Corpus/80jours_offset_Tokenize.txt" -m "/My Unitex/French/Corpus/80jours.snt" --xml

# Convert/Convert_1.ulp
Convert --aliases

# Convert/Convert_2.ulp
Convert -sENGLISH -dLITTLE-ENDIAN --ss=-old "/My Unitex/English/Corpus/A Scandal in Bohemia.txt" "/My Unitex/French/Corpus/Un scandale en boheme.txt"

# Denormalize/Denormalize.ulp
DumpOffsets -d -qutf8-no-bom -o /Corpus/AB.txt -n /Corpus/A_csc_csc_csc.txt /Corpus/A_csc_csc_csc_txt_offsets.txt -p /Corpus/A_denorm.txt -rNorm.txt

# Dico/Dico_1.ulp
Dico "-t/My Unitex/French/Corpus/80jours.snt" "-a/My Unitex/French/Alphabet.txt" -m/Unitex2.1/French/Dela/dela-fr-public.bin /Unitex2.1/French/Dela/dela-fr-public.bin /Unitex2.1/French/Dela/ajouts80jours.bin /Unitex2.1/French/Dela/motsGramf-.bin

# Dico/Dico_2.ulp
Dico "-t/My Unitex/Norwegian/Corpus/folkeeventyr.snt" "-a/My Unitex/Norwegian/Alphabet.txt" /Unitex2.1/Norwegian/Dela/Dela-sample.bin /Unitex2.1/Norwegian/Dela/FILTRE-.bin

# Dico/Dico_3.ulp
Dico "-t/My Unitex/English/Corpus/bohemia_xalign.snt" "-a/My Unitex/English/Alphabet.txt" -m/Unitex2.1/English/Dela/dela-en-public.bin "/My Unitex/English/Dela/unable.fst2" /Unitex2.1/English/Dela/dela-en-public.bin

# Dico/Dico_4.ulp
Dico "-t/My Unitex/French/Corpus/boheme_xalign.snt" "-a/My Unitex/French/Alphabet.txt" -m/Unitex2.1/French/Dela/dela-fr-public.bin /Unitex2.1/French/Dela/dela-fr-public.bin /Unitex2.1/French/Dela/ajouts80jours.bin /Unitex2.1/French/Dela/motsGramf-.bin

# Dico/Dico_5.ulp
Dico "-t/My Unitex/French/Corpus/Un scandale en boheme.snt" "-a/My Unitex/French/Alphabet.txt" -m/Unitex2.1/French/Dela/dela-fr-public.bin /Unitex2.1/French/Dela/dela-fr-public.bin /Unitex2.1/French/Dela/ajouts80jours.bin /Unitex2.1/French/Dela/motsGramf-.bin

# Dico/Dico_korean.ulp
Dico -t/home/paumier/unitex/KoreanJeeSun/Corpus/test.snt -a/home/paumier/unitex/KoreanJeeSun/Alphabet.txt -m/home/paumier/unitex/KoreanJeeSun/Dela/DECO-01-NS-201007flx.bin -m/home/paumier/unitex/KoreanJeeSun/Dela/DECO-02-AS-201007flx.bin -m/home/paumier/unitex/KoreanJeeSun/Dela/DECO-03-VS-201007flx.bin -m/home/paumier/unitex/KoreanJeeSun/Dela/DECO-04-DS-201007flx.bin -K /home/paumier/unitex/KoreanJeeSun/Dela/ALL_unflattened-r.fst2

# DumpOffsets/DumpOffsets_Denormalize.ulp
DumpOffsets -d -r/Norm.txt -o /Corpus/A.txt -n /Corpus/A_csc.raw /Corpus/A_csc_raw_offsets_merged_4.txt --full -p /corpus_raw_denorm.txt

# ElagComp/ElagComp_1.ulp
ElagComp "-g/My Unitex/French/Elag/elag-tu.fst2" "-l/My Unitex/French/Elag/tagset.def"

# ElagComp/ElagComp_2.ulp
ElagComp -l/Elag/tagset.def -oelag.rul -r/Elag/elag.lst

# ElagComp/ElagComp_3.ulp
ElagComp -l/Elag/tagset.def -oelag.rul -r/Elag/elag.lst

# Elag/Elag_1.ulp
Elag "-l/My Unitex/French/Elag/tagset.def" -r/elag.rul "-o/My Unitex/French/Corpus/Un scandale en boheme_snt/text-elag.tfst" "/My Unitex/French/Corpus/Un scandale en boheme_snt/text.tfst"

# Elag/Elag_new78_compatible1755.ulp
Elag "-l/My Unitex/French/Elag/tagset.def" -r/elag.rul "-o/My Unitex/French/Corpus/Un scandale en boheme_snt/text-elag.tfst" "/My Unitex/French/Corpus/Un scandale en boheme_snt/text.tfst"

# Evamb/Evamb_1.ulp
Evamb -o /text_out.txt /text.tfst

# Extract/Extract_1.ulp
Extract --yes "/My Unitex/French/Corpus/80jours.snt" "-i/My Unitex/French/Corpus/80jours_snt/concord.ind" "-o/My Unitex/French/Corpus/DET_A_Nx.txt"

# Flatten/Flatten_1.ulp
Flatten "/My Unitex/French/Graphs/Preprocessing/Sentence/Sentence.fst2" --rtn -d5

# Flatten/Flatten_2.ulp
Flatten "/My Unitex/Norwegian/Graphs/Preprocessing/Sentence/Sentence.fst2" --rtn -d5

# Flatten/Flatten_3.ulp
Flatten "/My Unitex/French/Graphs/Preprocessing/Sentence/Sentence.fst2" --rtn -d5

# Flatten/Flatten_4_elag_tu.ulp
Flatten "/My Unitex/French/Elag/elag-tu.fst2" --fst

# Fst2Check/Fst2Check_1.ulp
Fst2Check -y -s -o /SentenceXAlign_check_output.txt /SentenceXAlign.fst2

# Fst2Check/Fst2Check_2.ulp
Fst2Check -y -s -o /Sentence_check_output.txt /Sentence.fst2

# Fst2Check/Fst2Check_Tfst.ulp
Fst2Check -y -t -s -o /Norm_check_output.txt /Norm.fst2

# Fst2List/Fst2List_1.ulp
Fst2List -l 300 -a s -p s /Sentence.fst2

# Fst2List/Fst2List_max_line.ulp
Fst2List -l 100 -a s -p s /Sentence.fst2

# Fst2Txt/Fst2Txt_1.ulp
Fst2Txt "-t/My Unitex/French/Corpus/80jours.snt" "/My Unitex/French/Graphs/Preprocessing/Sentence/Sentence.fst2" "-a/My Unitex/French/Alphabet.txt" -M "--input_offsets=/My Unitex/French/Corpus/80jours_offset_Normalize.txt" "--output_offsets=/My Unitex/French/Corpus/80jours_offset_Fst2Txt1.txt"

# Fst2Txt/Fst2Txt_2.ulp
Fst2Txt "-t/My Unitex/French/Corpus/80jours.snt" "/My Unitex/French/Graphs/Preprocessing/Replace/Replace.fst2" "-a/My Unitex/French/Alphabet.txt" -R "--input_offsets=/My Unitex/French/Corpus/80jours_offset_Fst2Txt1.txt" "--output_offsets=/My Unitex/French/Corpus/80jours_offset_Fst2Txt2.txt"

# Fst2Txt/Fst2Txt_3.ulp
Fst2Txt "-t/My Unitex/Norwegian/Corpus/folkeeventyr.snt" "/My Unitex/Norwegian/Graphs/Preprocessing/Sentence/Sentence.fst2" "-a/My Unitex/Norwegian/Alphabet.txt" -M

# Fst2Txt/Fst2Txt_4.ulp
Fst2Txt "-t/My Unitex/French/Corpus/Un scandale en boheme.snt" "/My Unitex/French/Graphs/Preprocessing/Sentence/Sentence.fst2" "-a/My Unitex/French/Alphabet.txt" -M

# Fst2Txt/Fst2Txt_5.ulp
Fst2Txt "-t/My Unitex/French/Corpus/Un scandale en boheme.snt" "/My Unitex/French/Graphs/Preprocessing/Replace/Replace.fst2" "-a/My Unitex/French/Alphabet.txt" -R

# Grf2Fst2/Grf2Fst2_1.ulp
Grf2Fst2 "/My Unitex/French/Graphs/Preprocessing/Sentence/Sentence.grf" -y "--alphabet=/My Unitex/French/Alphabet.txt"

# Grf2Fst2/Grf2Fst2_2.ulp
Grf2Fst2 "/My Unitex/French/Graphs/Preprocessing/Replace/Replace.grf" -y "--alphabet=/My Unitex/French/Alphabet.txt"

# Grf2Fst2/Grf2Fst2_3.ulp
Grf2Fst2 "/My Unitex/French/Graphs/Normalization/Norm.grf" -y "--alphabet=/My Unitex/French/Alphabet.txt"

# Grf2Fst2/Grf2Fst2_4.ulp
Grf2Fst2 "/My Unitex/French/regexp.grf" -y "--alphabet=/My Unitex/French/Alphabet.txt"

# Grf2Fst2/Grf2Fst2_5.ulp
Grf2Fst2 "/My Unitex/Norwegian/Graphs/Preprocessing/Sentence/Sentence.grf" -y "--alphabet=/My Unitex/Norwegian/Alphabet.txt"

# Grf2Fst2/Grf2Fst2_6.ulp
Grf2Fst2 "/My Unitex/French/Graphs/Preprocessing/Sentence/Sentence.grf" -y "--alphabet=/My Unitex/French/Alphabet.txt"

# Grf2Fst2/Grf2Fst2_7.ulp
Grf2Fst2 "/My Unitex/French/Graphs/Preprocessing/Replace/Replace.grf" -y "--alphabet=/My Unitex/French/Alphabet.txt"

# Grf2Fst2/Grf2Fst2_8_elag_tu.ulp
Grf2Fst2 "/My Unitex/French/Elag/elag-tu.grf" -y "--alphabet=/My Unitex/French/Alphabet.txt"

# GrfDiff/GrfDiff3.ulp
GrfDiff3 /Sentence1.grf /Sentence2.grf /Sentence3.grf --output /sentenceGrfDif3.grf

# GrfDiff/GrfDiff.ulp
GrfDiff .\Sentence1.grf .\Sentence2.grf --output .\diffGrf.txt

# GrfTest/GrfTest1.ulp
GrfTest ./PostElisions.grf -w .\work -o .\GrfTestOut.txt

# ImplodeTfst/ImplodeTfst_1.ulp
ImplodeTfst "/My Unitex/French/Corpus/80jours_snt/text.tfst"

# ImplodeTfst/ImplodeTfst_2.ulp
ImplodeTfst "/My Unitex/French/Corpus/Un scandale en boheme_snt/text-elag.tfst"

# ImplodeTfst/ImplodeTfst_3.ulp
ImplodeTfst "/My Unitex/French/Corpus/Un scandale en boheme_snt/text-elag.tfst"

# Locate/Locate_avec_TRE.ulp
Locate -t/home/paumier/unitex/French/Corpus/80jours.snt /home/paumier/unitex/French/regexp.fst2 -a/home/paumier/unitex/French/Alphabet.txt -L -I -n200 -m/home/paumier/unitex/French/Dela/test.bin -b -Y -qutf8-no-bom

# Locate/Locate_badfix.ulp
Locate -u /Users/alexis/Documents/unitex/Arabic/arabic_typo_rules.txt -t/Users/alexis/Documents/unitex/Arabic/Corpus/Essays01_Diac.snt /Users/alexis/Documents/unitex/Arabic/Dela/prfx_Verb_sufx-r.fst2 -a/Users/alexis/Documents/unitex/Arabic/Alphabet.txt -L -R -n200 -s -m/Users/alexis/Documents/unitex/Arabic/Dela/Delaf_Verb_AR.bin -m/Users/alexis/Documents/unitex/Arabic/Dela/PrfxSufx/Prfx_verb_AR.bin -m/Users/alexis/Documents/unitex/Arabic/Dela/PrfxSufx/Sufx_verb_AR.bin -m/Users/alexis/Documents/unitex/Arabic/Dela/PrfxSufx/PRO_Gen_AR.bin -m/Users/alexis/Documents/unitex/Arabic/Dela/PrfxSufx/Freq_AR.bin -b -Y

# Locate/Locate_input_var_in_morpho_mode.ulp
Locate -t/home/paumier/unitex/French/Corpus/80jours.snt /home/paumier/unitex/French/Graphs/var_morpho.fst2 -a/home/paumier/unitex/French/Alphabet.txt -L -M -n200 --morpho=/home/paumier/Unitex2.1beta/French/Dela/dela-fr-public.bin -b -Y

# Locate/Locate_korean.ulp
Locate -t/home/paumier/unitex/Korean/Corpus/1-2.snt /home/paumier/unitex/Korean/Dela/NSall-r.fst2 -a/home/paumier/unitex/Korean/Alphabet.txt -L -R --all -K -m/home/paumier/unitex/Korean/Dela/DECO-01-NS-201007flx.bin -m/home/paumier/unitex/Korean/Dela/DECO-02-AS-201007flx.bin -m/home/paumier/unitex/Korean/Dela/DECO-03-VS-201007flx.bin -m/home/paumier/unitex/Korean/Dela/DECO-04-DS-201007flx.bin -b -Y

# Locate/LocateMorpho2.ulp
Locate -a /home/paumier/unitex/French/Alphabet.txt -t "/My Unitex/French/Corpus/80jours.snt" -L -M -n200 --morpho=/home/paumier/Unitex2.1beta/French/Dela/dela-fr-public.bin -b -Y /home/paumier/unitex/French/Graphs/var_morpho.fst2

# Locate/LocateTfst_1.ulp
LocateTfst "-t/My Unitex/French/Corpus/80jours_snt/text.tfst" "/My Unitex/French/regexp.fst2" "-a/My Unitex/French/Alphabet.txt" -L -I -n200 -b -Y

# Locate/LocateTfst_2.ulp
LocateTfst "-t/My Unitex/Norwegian/Corpus/folkeeventyr_snt/text.tfst" "/My Unitex/Norwegian/regexp.fst2" "-a/My Unitex/Norwegian/Alphabet.txt" -L -I -n200 -b -Y

# Locate/LocateTfst_output_variables.ulp
LocateTfst -t/home/paumier/unitex/English/Corpus/ivanhoe_snt/text.tfst /home/paumier/unitex/English/Graphs/pronouns.fst2 -a/home/paumier/unitex/English/Alphabet.txt -L -M -n200 -b -Y

# MultiFlex/MultiFlex_1.ulp
MultiFlex /unitex_log_00000057.ulp_tmpdir/Unitex2.1/French/Inflection/Verbes.dic -o/unitex_log_00000057.ulp_tmpdir/Unitex2.1/French/Inflection/Verbesflx.dic "-a/unitex_log_00000057.ulp_tmpdir/My Unitex/French/Alphabet.txt" "-d/unitex_log_00000057.ulp_tmpdir/My Unitex/French/Inflection"

# MultiFlex/MultiFlex_2.ulp
MultiFlex "/unitex_log_00000058.ulp_tmpdir/My Unitex/French/Inflection/Adj.dic" "-o/unitex_log_00000058.ulp_tmpdir/My Unitex/French/Inflection/Adjflx.dic" "-a/unitex_log_00000058.ulp_tmpdir/My Unitex/French/Alphabet.txt" "-d/unitex_log_00000058.ulp_tmpdir/My Unitex/French/Inflection"

# MultiFlex/MultiFlex_3.ulp
MultiFlex "/unitex_log_00000059.ulp_tmpdir/My Unitex/French/Inflection/Noms.dic" "-o/unitex_log_00000059.ulp_tmpdir/My Unitex/French/Inflection/Nomsflx.dic" "-a/unitex_log_00000059.ulp_tmpdir/My Unitex/French/Alphabet.txt" "-d/unitex_log_00000059.ulp_tmpdir/My Unitex/French/Inflection"

# MultiFlex/MultiFlex_semitic.ulp
MultiFlex /Arabic/Dela/Semitic_and_Lemma.dic -o /Arabic/Dela/Regress_test/Semitic_and_Lemmaflx.dic -a /Users/alexisneme/unitex/Arabic/Alphabet.txt -p /Arabic/Inflection/ -d /Arabic/Inflection --always-recompile-graphs

# Normalize/Normalize_1.ulp
Normalize "/My Unitex/French/Corpus/80jours.txt" "--output_offsets=/My Unitex/French/Corpus/80jours_offset_Normalize.txt"

# Normalize/Normalize_2.ulp
Normalize "/My Unitex/Norwegian/Corpus/folkeeventyr.txt"

# Normalize/Normalize_3.ulp
Normalize "/My Unitex/English/Corpus/bohemia_xalign.txt"

# Normalize/Normalize_4.ulp
Normalize "/My Unitex/French/Corpus/boheme_xalign.txt"

# Normalize/Normalize_5.ulp
Normalize "/My Unitex/French/Corpus/Un scandale en boheme.txt"

# Normalize/Normalize_Utf16.ulp
Normalize /text_to_normalize_utf16.txt

# Normalize/Normalize_Utf8_toUtf8.ulp
Normalize -q utf8 /text_to_normalize_utf8.txt

# Normalize/Normalize_Utf8.ulp
Normalize /text_to_normalize_utf8.txt

# PolyLex/PolyLex_1.ulp
PolyLex -N "-a/My Unitex/Norwegian/Alphabet.txt" -d/Unitex2.1/Norwegian/Dela/Dela-sample.bin "/My Unitex/Norwegian/Corpus/folkeeventyr_snt/err" "-o/My Unitex/Norwegian/Corpus/folkeeventyr_snt/dlf" "-i/My Unitex/Norwegian/Corpus/folkeeventyr_snt/decomp.txt"

# PolyLex/PolyLex_Dutch_InfiniteExploration.ulp
PolyLex --dutch -a /Taxinomia_data/DevNL/polylex/Alphabet.txt -d /Taxinomia/ExtractMW/Nl/wl_utu_nl.bin -o /tmp/114427.pdf_snt/polylex_ULP.txt -i /tmp/114427.pdf_snt/polyLex_decomp_ULP.txt /tmp/114427.pdf_snt/err

# PolyLex/PolyLex_Dutch_ok.ulp
PolyLex --dutch -a /Taxinomia_data/DevNL/polylex/Alphabet.txt -d /Taxinomia/ExtractMW/Nl/wl_utu_nl.bin -o /tmp/q1/q1_g_CCONST_be_c_const.txt.pre_snt/polyLex_ULP.txt -i /tmp/q1/q1_g_CCONST_be_c_const.txt.pre_snt/polyLex_decomp_ULP.txt /tmp/q1/q1_g_CCONST_be_c_const.txt.pre_snt/err

# RebuildTfst/RebuildTfst_1.ulp
RebuildTfst /test.tfst

# Reg2Grf/Reg2Grf_1.ulp
Reg2Grf "/My Unitex/French/regexp.txt"

# Reg2Grf/Reg2Grf_2.ulp
Reg2Grf "/My Unitex/Norwegian/regexp.txt"

# Reg2Grf/Reg2Grf.ulp
Reg2Grf .\reg.txt

# RunScript/demoRunScript.ulp
RunScript -v -a INPUT_FILE_1=/demo/testdate.txt -a CORPUS_WORK_DIR=/ -a PACKAGE_DIR=/pkg/res -a OUTPUT_FILE_1=/demo/result_date_merge.txt -a OUTPUT_FILE_2=/demo/result_date.xml -a OUTPUT_FILE_3=/demo/result_date.txt /pkg/res/script/standard.uniscript

# RunScript/ReRunScript.ulp
RunScript -v -a INPUT_FILE_1=\testdate.txt -a CORPUS_WORK_DIR=. -a PACKAGE_DIR=\testHourScriptAndRes -a OUTPUT_FILE_1=\result_date_merge.txt \testHourScriptAndRes\script\standard.uniscript

# Seq2Grf/Seq2Grf.ulp
Seq2Grf /text_to_normalize_utf16.snt -a /Alphabet.txt -o /foo.grf

# SortTxt/SortTxt_1.ulp
SortTxt "/My Unitex/French/Corpus/80jours_snt/dlf" "-l/My Unitex/French/Corpus/80jours_snt/dlf.n" "-o/My Unitex/French/Alphabet_sort.txt"

# SortTxt/SortTxt_2.ulp
SortTxt "/My Unitex/French/Corpus/80jours_snt/dlc" "-l/My Unitex/French/Corpus/80jours_snt/dlc.n" "-o/My Unitex/French/Alphabet_sort.txt"

# SortTxt/SortTxt_3.ulp
SortTxt "/My Unitex/French/Corpus/80jours_snt/err" "-l/My Unitex/French/Corpus/80jours_snt/err.n" "-o/My Unitex/French/Alphabet_sort.txt"

# SortTxt/SortTxt_4.ulp
SortTxt "/My Unitex/French/Corpus/Un scandale en boheme_snt/dlf" "-l/My Unitex/French/Corpus/Un scandale en boheme_snt/dlf.n" "-o/My Unitex/French/Alphabet_sort.txt"

# SortTxt/SortTxt_5.ulp
SortTxt "/My Unitex/French/Corpus/Un scandale en boheme_snt/dlc" "-l/My Unitex/French/Corpus/Un scandale en boheme_snt/dlc.n" "-o/My Unitex/French/Alphabet_sort.txt"

# SortTxt/SortTxt_6.ulp
SortTxt "/My Unitex/French/Corpus/Un scandale en boheme_snt/err" "-l/My Unitex/French/Corpus/Un scandale en boheme_snt/err.n" "-o/My Unitex/French/Alphabet_sort.txt"

# Stats/Stats_1.ulp
Stats /home/paumier/unitex/English/Corpus/ivanhoe_snt/concord.ind -a/home/paumier/unitex/English/Alphabet.txt -l1 -r1 -o/home/paumier/unitex/English/Corpus/ivanhoe_snt/statistics.txt -c1 -m2

# Table2Grf/Table2Grf.ulp
Table2Grf "/BOULOT/Recherche/Tables & graphes patrons/SuperTable.txt" "-r/BOULOT/Recherche/Tables & graphes patrons/Graphes/Graphes patrons/super-N0VN1(P).grf" "-o/BOULOT/Recherche/Tables & graphes patrons/Graphes/Graphes patrons/test/all.grf" "-s/BOULOT/Recherche/Tables & graphes patrons/Graphes/Graphes patrons/test/@A-N0VN1(P).grf"

# Tagger/Tagger_1.ulp
Tagger /unitex/French/Corpus/80jours_snt/text.tfst -o/out.tfst -d/unitex/French/Dela/tagger_data_cat.bin -t/unitex/French/Elag/tagset.def -a/unitex/French/Alphabet.txt

# Tagger/Tagger_2.ulp
Tagger /unitex/French/Corpus/80jours_snt/text.tfst -o/out.tfst -d/unitex/French/Dela/tagger_data_morph.bin -t/unitex/French/Elag/tagset.def -a/unitex/French/Alphabet.txt

# Tagger/TrainingTagger_1.ulp
TrainingTagger /corpus_utf16.txt

# TagsetNormTfst/TagsetNormTfst_1.ulp
TagsetNormTfst "-t/My Unitex/French/Elag/tagset.def" "/My Unitex/French/Corpus/80jours_snt/text.tfst"

# TEI2Txt/TEI2Txt_1.ulp
TEI2Txt "/My Unitex/English/Corpus/bohemia.xml" "-o/My Unitex/English/Corpus/bohemia_xalign.txt"

# TEI2Txt/TEI2Txt_2.ulp
TEI2Txt "/My Unitex/French/Corpus/boheme.xml" "-o/My Unitex/French/Corpus/boheme_xalign.txt"

# Tfst2Grf/Tfst2Grf_1.ulp
Tfst2Grf "/My Unitex/French/Corpus/80jours_snt/text.tfst" -s1 "-fTimes New Roman" -z10

# Tfst2Grf/Tfst2Grf_2.ulp
Tfst2Grf "/My Unitex/French/Corpus/80jours_snt/text.tfst" -s1 "-fTimes New Roman" -z10

# Tfst2Grf/Tfst2Grf_3.ulp
Tfst2Grf "/My Unitex/French/Corpus/80jours_snt/text.tfst" -s1 "-fTimes New Roman" -z10

# Tfst2Grf/Tfst2Grf_4.ulp
Tfst2Grf "/My Unitex/Norwegian/Corpus/folkeeventyr_snt/text.tfst" -s1 "-fTimes New Roman" -z10

# Tfst2Grf/Tfst2Grf_5.ulp
Tfst2Grf "/My Unitex/French/Corpus/Un scandale en boheme_snt/text.tfst" -s1 "-fTimes New Roman" -z10

# Tfst2Grf/Tfst2Grf_6.ulp
Tfst2Grf "/My Unitex/French/Corpus/Un scandale en boheme_snt/text-elag.tfst" -s1 -ocurrelagsentence "-fTimes New Roman" -z10

# Tfst2Grf/Tfst2Grf_7.ulp
Tfst2Grf "/My Unitex/French/Corpus/Un scandale en boheme_snt/text.tfst" -s1 "-fTimes New Roman" -z10

# Tfst2Grf/Tfst2Grf_8.ulp
Tfst2Grf /home/anto/unitex/French/Corpus/80jours_snt/text.tfst -s1 "-fTimes New Roman" -z10

# Tfst2Unambig/Tfst2Unambig_1.ulp
Tfst2Unambig "/My Unitex/Norwegian/Corpus/folkeeventyr_snt/text.tfst" "-o/My Unitex/Norwegian/Corpus/linear.txt"

# Tokenize/Tokenize_1.ulp
Tokenize "/My Unitex/French/Corpus/80jours.snt" "-a/My Unitex/French/Alphabet.txt" "--input_offsets=/My Unitex/French/Corpus/80jours_offset_Fst2Txt2.txt" "--output_offsets=/My Unitex/French/Corpus/80jours_offset_Tokenize.txt"

# Tokenize/Tokenize_2.ulp
Tokenize "/My Unitex/Norwegian/Corpus/folkeeventyr.snt" "-a/My Unitex/Norwegian/Alphabet.txt"

# Tokenize/Tokenize_3.ulp
Tokenize "/My Unitex/English/Corpus/bohemia_xalign.snt" "-a/My Unitex/English/Alphabet.txt"

# Tokenize/Tokenize_4.ulp
Tokenize "/My Unitex/French/Corpus/boheme_xalign.snt" "-a/My Unitex/French/Alphabet.txt"

# Tokenize/Tokenize_5.ulp
Tokenize "/My Unitex/French/Corpus/Un scandale en boheme.snt" "-a/My Unitex/French/Alphabet.txt"

# Uncompress/Uncompress_1.ulp
Uncompress /motsGramf-.bin

# UnPreprocess/UnPreprocess.ulp
UnPreprocess --original_file=corpus\predemo.txt --processed_file=corpus\corpus.txt --preprocessed_offset=corpus\offsetA.txt --processed_offset=corpus\offsetB.txt corpus\UnPreprocessRes.txt --output_offsets=corpus\offset_unpresprocess.txt

# Untokenize/Untokenize.ulp
Untokenize /test.txt -d /test_snt/

# Unxmlize/Unxmlize.ulp
Unxmlize .\boheme.xml -o .\boheme.txt

# XMLizer/XMLizer_1.ulp
XMLizer -t "-o/My Unitex/English/Corpus/bohemia.xml" "-a/My Unitex/English/Alphabet.txt" "-s/My Unitex/XAlign/Sentence/SentenceXAlign.fst2" "/My Unitex/English/Corpus/A Scandal in Bohemia.txt"

# XMLizer/XMLizer_2.ulp
XMLizer -t "-o/My Unitex/French/Corpus/boheme.xml" "-a/My Unitex/French/Alphabet.txt" "-s/My Unitex/XAlign/Sentence/SentenceXAlign.fst2" "/My Unitex/French/Corpus/Un scandale en boheme.txt"

